22-May-2023 01:45:42.378 INFO [main] org.apache.catalina.startup.VersionLoggerListener.log Server version name:   Apache Tomcat/9.0.75
22-May-2023 01:45:42.383 INFO [main] org.apache.catalina.startup.VersionLoggerListener.log Server built:          May 4 2023 13:04:05 UTC
22-May-2023 01:45:42.383 INFO [main] org.apache.catalina.startup.VersionLoggerListener.log Server version number: 9.0.75.0
22-May-2023 01:45:42.383 INFO [main] org.apache.catalina.startup.VersionLoggerListener.log OS Name:               Windows 10
22-May-2023 01:45:42.383 INFO [main] org.apache.catalina.startup.VersionLoggerListener.log OS Version:            10.0
22-May-2023 01:45:42.383 INFO [main] org.apache.catalina.startup.VersionLoggerListener.log Architecture:          amd64
22-May-2023 01:45:42.384 INFO [main] org.apache.catalina.startup.VersionLoggerListener.log Java Home:             C:\Program Files\Java\jdk-17
22-May-2023 01:45:42.384 INFO [main] org.apache.catalina.startup.VersionLoggerListener.log JVM Version:           17.0.6+9-LTS-190
22-May-2023 01:45:42.384 INFO [main] org.apache.catalina.startup.VersionLoggerListener.log JVM Vendor:            Oracle Corporation
22-May-2023 01:45:42.384 INFO [main] org.apache.catalina.startup.VersionLoggerListener.log CATALINA_BASE:         C:\Users\Administrator\Desktop\Estudos Programação\Cruz Vita\Alura\Java Servlet programação web Java\apache-tomcat-9.0.75
22-May-2023 01:45:42.384 INFO [main] org.apache.catalina.startup.VersionLoggerListener.log CATALINA_HOME:         C:\Users\Administrator\Desktop\Estudos Programação\Cruz Vita\Alura\Java Servlet programação web Java\apache-tomcat-9.0.75
22-May-2023 01:45:42.399 INFO [main] org.apache.catalina.startup.VersionLoggerListener.log Command line argument: -Djava.util.logging.config.file=c:\Users\Administrator\Desktop\Estudos Programação\Cruz Vita\Alura\Java Servlet programação web Java\apache-tomcat-9.0.75/conf/logging.properties
22-May-2023 01:45:42.400 INFO [main] org.apache.catalina.startup.VersionLoggerListener.log Command line argument: -Djava.util.logging.manager=org.apache.juli.ClassLoaderLogManager
22-May-2023 01:45:42.400 INFO [main] org.apache.catalina.startup.VersionLoggerListener.log Command line argument: -Djdk.tls.ephemeralDHKeySize=2048
22-May-2023 01:45:42.400 INFO [main] org.apache.catalina.startup.VersionLoggerListener.log Command line argument: -Djava.protocol.handler.pkgs=org.apache.catalina.webresources
22-May-2023 01:45:42.400 INFO [main] org.apache.catalina.startup.VersionLoggerListener.log Command line argument: -Dorg.apache.catalina.security.SecurityListener.UMASK=0027
22-May-2023 01:45:42.400 INFO [main] org.apache.catalina.startup.VersionLoggerListener.log Command line argument: -Dcatalina.base=c:\Users\Administrator\Desktop\Estudos Programação\Cruz Vita\Alura\Java Servlet programação web Java\apache-tomcat-9.0.75
22-May-2023 01:45:42.400 INFO [main] org.apache.catalina.startup.VersionLoggerListener.log Command line argument: -Dcatalina.home=c:\Users\Administrator\Desktop\Estudos Programação\Cruz Vita\Alura\Java Servlet programação web Java\apache-tomcat-9.0.75
22-May-2023 01:45:42.400 INFO [main] org.apache.catalina.startup.VersionLoggerListener.log Command line argument: -Djava.io.tmpdir=c:\Users\Administrator\Desktop\Estudos Programação\Cruz Vita\Alura\Java Servlet programação web Java\apache-tomcat-9.0.75/temp
22-May-2023 01:45:42.413 INFO [main] org.apache.catalina.core.AprLifecycleListener.lifecycleEvent The Apache Tomcat Native library which allows using OpenSSL was not found on the java.library.path: [C:\Program Files\Java\jdk-17\bin;C:\Windows\Sun\Java\bin;C:\Windows\system32;C:\Windows;C:\Program Files\Common Files\Oracle\Java\javapath;C:\Program Files (x86)\Common Files\Oracle\Java\javapath;C:\Windows\system32;C:\Windows;C:\Windows\System32\Wbem;C:\Windows\System32\WindowsPowerShell\v1.0\;C:\Windows\System32\OpenSSH\;C:\Program Files\Microsoft SQL Server\Client SDK\ODBC\170\Tools\Binn\;C:\Program Files (x86)\Microsoft SQL Server\150\Tools\Binn\;C:\Program Files\Microsoft SQL Server\150\Tools\Binn\;C:\Program Files\Microsoft SQL Server\150\DTS\Binn\;C:\Program Files (x86)\Microsoft SQL Server\160\DTS\Binn\;C:\Program Files\Azure Data Studio\bin;C:\Program Files\nodejs\;C:\Program Files\dotnet\;C:\Program Files\Git\cmd;%JAVA_HOME%\bin;C:\Users\Administrator\AppData\Local\Microsoft\WindowsApps;C:\Users\Administrator\AppData\Local\Programs\Microsoft VS Code\bin;C:\Program Files\Azure Data Studio\bin;C:\Users\Administrator\AppData\Roaming\npm;C:\apache-maven-3.9.0\bin;;C:\Users\Administrator\AppData\Local\spicetify;.]
22-May-2023 01:45:42.812 INFO [main] org.apache.coyote.AbstractProtocol.init Initializing ProtocolHandler ["http-nio-8080"]
22-May-2023 01:45:42.838 INFO [main] org.apache.catalina.startup.Catalina.load Server initialization in [906] milliseconds
22-May-2023 01:45:42.889 INFO [main] org.apache.catalina.core.StandardService.startInternal Starting service [Catalina]
22-May-2023 01:45:42.889 INFO [main] org.apache.catalina.core.StandardEngine.startInternal Starting Servlet engine: [Apache Tomcat/9.0.75]
22-May-2023 01:45:42.901 INFO [main] org.apache.catalina.startup.HostConfig.deployDirectory Diretório de instalação da aplicação web [C:\Users\Administrator\Desktop\Estudos Programação\Cruz Vita\Alura\Java Servlet programação web Java\apache-tomcat-9.0.75\webapps\docs]
22-May-2023 01:45:43.277 INFO [main] org.apache.catalina.startup.HostConfig.deployDirectory Deployment of web application directory [C:\Users\Administrator\Desktop\Estudos Programação\Cruz Vita\Alura\Java Servlet programação web Java\apache-tomcat-9.0.75\webapps\docs] has finished in [374] ms
22-May-2023 01:45:43.277 INFO [main] org.apache.catalina.startup.HostConfig.deployDirectory Diretório de instalação da aplicação web [C:\Users\Administrator\Desktop\Estudos Programação\Cruz Vita\Alura\Java Servlet programação web Java\apache-tomcat-9.0.75\webapps\examples]
22-May-2023 01:45:43.844 INFO [main] org.apache.catalina.startup.HostConfig.deployDirectory Deployment of web application directory [C:\Users\Administrator\Desktop\Estudos Programação\Cruz Vita\Alura\Java Servlet programação web Java\apache-tomcat-9.0.75\webapps\examples] has finished in [567] ms
22-May-2023 01:45:43.844 INFO [main] org.apache.catalina.startup.HostConfig.deployDirectory Diretório de instalação da aplicação web [C:\Users\Administrator\Desktop\Estudos Programação\Cruz Vita\Alura\Java Servlet programação web Java\apache-tomcat-9.0.75\webapps\host-manager]
22-May-2023 01:45:43.903 INFO [main] org.apache.catalina.startup.HostConfig.deployDirectory Deployment of web application directory [C:\Users\Administrator\Desktop\Estudos Programação\Cruz Vita\Alura\Java Servlet programação web Java\apache-tomcat-9.0.75\webapps\host-manager] has finished in [58] ms
22-May-2023 01:45:43.903 INFO [main] org.apache.catalina.startup.HostConfig.deployDirectory Diretório de instalação da aplicação web [C:\Users\Administrator\Desktop\Estudos Programação\Cruz Vita\Alura\Java Servlet programação web Java\apache-tomcat-9.0.75\webapps\manager]
22-May-2023 01:45:43.961 INFO [main] org.apache.catalina.startup.HostConfig.deployDirectory Deployment of web application directory [C:\Users\Administrator\Desktop\Estudos Programação\Cruz Vita\Alura\Java Servlet programação web Java\apache-tomcat-9.0.75\webapps\manager] has finished in [58] ms
22-May-2023 01:45:43.961 INFO [main] org.apache.catalina.startup.HostConfig.deployDirectory Diretório de instalação da aplicação web [C:\Users\Administrator\Desktop\Estudos Programação\Cruz Vita\Alura\Java Servlet programação web Java\apache-tomcat-9.0.75\webapps\ROOT]
22-May-2023 01:45:43.994 INFO [main] org.apache.catalina.startup.HostConfig.deployDirectory Deployment of web application directory [C:\Users\Administrator\Desktop\Estudos Programação\Cruz Vita\Alura\Java Servlet programação web Java\apache-tomcat-9.0.75\webapps\ROOT] has finished in [32] ms
22-May-2023 01:45:43.997 INFO [main] org.apache.coyote.AbstractProtocol.start Starting ProtocolHandler ["http-nio-8080"]
22-May-2023 01:45:44.037 INFO [main] org.apache.catalina.startup.Catalina.start Server startup in [1199] milliseconds
22-May-2023 01:46:44.078 INFO [Catalina-utility-1] org.apache.catalina.startup.HostConfig.deployDirectory Diretório de instalação da aplicação web [C:\Users\Administrator\Desktop\Estudos Programação\Cruz Vita\Alura\Java Servlet programação web Java\apache-tomcat-9.0.75\webapps\gerenciador-2]
22-May-2023 01:46:44.119 INFO [Catalina-utility-1] org.apache.catalina.startup.HostConfig.deployDirectory Deployment of web application directory [C:\Users\Administrator\Desktop\Estudos Programação\Cruz Vita\Alura\Java Servlet programação web Java\apache-tomcat-9.0.75\webapps\gerenciador-2] has finished in [41] ms
22-May-2023 01:47:01.328 INFO [main] org.apache.catalina.core.StandardServer.await A valid shutdown command was received via the shutdown port. Stopping the Server instance.
22-May-2023 01:47:01.328 INFO [main] org.apache.coyote.AbstractProtocol.pause Pausing ProtocolHandler ["http-nio-8080"]
22-May-2023 01:47:01.334 INFO [main] org.apache.catalina.core.StandardService.stopInternal Stopping service [Catalina]
22-May-2023 01:47:01.339 WARNING [main] org.apache.catalina.loader.WebappClassLoaderBase.clearReferencesObjectStreamClassCaches When running on Java 9 or later you need to add "--add-opens=java.base/java.io=ALL-UNNAMED" to the JVM command line arguments to enable ObjectStream cache memory leak protection. Alternatively, you can suppress this warning by disabling ObjectStream class cache memory leak protection.
22-May-2023 01:47:01.340 WARNING [main] org.apache.catalina.loader.WebappClassLoaderBase.checkThreadLocalsForLeaks When running on Java 9 or later you need to add "--add-opens=java.base/java.lang=ALL-UNNAMED" to the JVM command line arguments to enable ThreadLocal memory leak detection. Alternatively, you can suppress this warning by disabling ThreadLocal memory leak detection.
22-May-2023 01:47:01.341 WARNING [main] org.apache.catalina.loader.WebappClassLoaderBase.clearReferencesRmiTargets When running on Java 9 or later you need to add "--add-opens=java.rmi/sun.rmi.transport=ALL-UNNAMED" to the JVM command line arguments to enable RMI Target memory leak detection. Alternatively, you can suppress this warning by disabling RMI Target memory leak detection.
22-May-2023 01:47:01.343 WARNING [main] org.apache.catalina.loader.WebappClassLoaderBase.clearReferencesObjectStreamClassCaches When running on Java 9 or later you need to add "--add-opens=java.base/java.io=ALL-UNNAMED" to the JVM command line arguments to enable ObjectStream cache memory leak protection. Alternatively, you can suppress this warning by disabling ObjectStream class cache memory leak protection.
22-May-2023 01:47:01.343 WARNING [main] org.apache.catalina.loader.WebappClassLoaderBase.checkThreadLocalsForLeaks When running on Java 9 or later you need to add "--add-opens=java.base/java.lang=ALL-UNNAMED" to the JVM command line arguments to enable ThreadLocal memory leak detection. Alternatively, you can suppress this warning by disabling ThreadLocal memory leak detection.
22-May-2023 01:47:01.343 WARNING [main] org.apache.catalina.loader.WebappClassLoaderBase.clearReferencesRmiTargets When running on Java 9 or later you need to add "--add-opens=java.rmi/sun.rmi.transport=ALL-UNNAMED" to the JVM command line arguments to enable RMI Target memory leak detection. Alternatively, you can suppress this warning by disabling RMI Target memory leak detection.
22-May-2023 01:47:01.347 WARNING [main] org.apache.catalina.loader.WebappClassLoaderBase.clearReferencesObjectStreamClassCaches When running on Java 9 or later you need to add "--add-opens=java.base/java.io=ALL-UNNAMED" to the JVM command line arguments to enable ObjectStream cache memory leak protection. Alternatively, you can suppress this warning by disabling ObjectStream class cache memory leak protection.
22-May-2023 01:47:01.348 WARNING [main] org.apache.catalina.loader.WebappClassLoaderBase.checkThreadLocalsForLeaks When running on Java 9 or later you need to add "--add-opens=java.base/java.lang=ALL-UNNAMED" to the JVM command line arguments to enable ThreadLocal memory leak detection. Alternatively, you can suppress this warning by disabling ThreadLocal memory leak detection.
22-May-2023 01:47:01.348 WARNING [main] org.apache.catalina.loader.WebappClassLoaderBase.clearReferencesRmiTargets When running on Java 9 or later you need to add "--add-opens=java.rmi/sun.rmi.transport=ALL-UNNAMED" to the JVM command line arguments to enable RMI Target memory leak detection. Alternatively, you can suppress this warning by disabling RMI Target memory leak detection.
22-May-2023 01:47:01.350 WARNING [main] org.apache.catalina.loader.WebappClassLoaderBase.clearReferencesObjectStreamClassCaches When running on Java 9 or later you need to add "--add-opens=java.base/java.io=ALL-UNNAMED" to the JVM command line arguments to enable ObjectStream cache memory leak protection. Alternatively, you can suppress this warning by disabling ObjectStream class cache memory leak protection.
22-May-2023 01:47:01.350 WARNING [main] org.apache.catalina.loader.WebappClassLoaderBase.checkThreadLocalsForLeaks When running on Java 9 or later you need to add "--add-opens=java.base/java.lang=ALL-UNNAMED" to the JVM command line arguments to enable ThreadLocal memory leak detection. Alternatively, you can suppress this warning by disabling ThreadLocal memory leak detection.
22-May-2023 01:47:01.350 WARNING [main] org.apache.catalina.loader.WebappClassLoaderBase.clearReferencesRmiTargets When running on Java 9 or later you need to add "--add-opens=java.rmi/sun.rmi.transport=ALL-UNNAMED" to the JVM command line arguments to enable RMI Target memory leak detection. Alternatively, you can suppress this warning by disabling RMI Target memory leak detection.
22-May-2023 01:47:01.352 WARNING [main] org.apache.catalina.loader.WebappClassLoaderBase.clearReferencesObjectStreamClassCaches When running on Java 9 or later you need to add "--add-opens=java.base/java.io=ALL-UNNAMED" to the JVM command line arguments to enable ObjectStream cache memory leak protection. Alternatively, you can suppress this warning by disabling ObjectStream class cache memory leak protection.
22-May-2023 01:47:01.352 WARNING [main] org.apache.catalina.loader.WebappClassLoaderBase.checkThreadLocalsForLeaks When running on Java 9 or later you need to add "--add-opens=java.base/java.lang=ALL-UNNAMED" to the JVM command line arguments to enable ThreadLocal memory leak detection. Alternatively, you can suppress this warning by disabling ThreadLocal memory leak detection.
22-May-2023 01:47:01.352 WARNING [main] org.apache.catalina.loader.WebappClassLoaderBase.clearReferencesRmiTargets When running on Java 9 or later you need to add "--add-opens=java.rmi/sun.rmi.transport=ALL-UNNAMED" to the JVM command line arguments to enable RMI Target memory leak detection. Alternatively, you can suppress this warning by disabling RMI Target memory leak detection.
22-May-2023 01:47:01.356 WARNING [main] org.apache.catalina.loader.WebappClassLoaderBase.clearReferencesObjectStreamClassCaches When running on Java 9 or later you need to add "--add-opens=java.base/java.io=ALL-UNNAMED" to the JVM command line arguments to enable ObjectStream cache memory leak protection. Alternatively, you can suppress this warning by disabling ObjectStream class cache memory leak protection.
22-May-2023 01:47:01.356 WARNING [main] org.apache.catalina.loader.WebappClassLoaderBase.checkThreadLocalsForLeaks When running on Java 9 or later you need to add "--add-opens=java.base/java.lang=ALL-UNNAMED" to the JVM command line arguments to enable ThreadLocal memory leak detection. Alternatively, you can suppress this warning by disabling ThreadLocal memory leak detection.
22-May-2023 01:47:01.356 WARNING [main] org.apache.catalina.loader.WebappClassLoaderBase.clearReferencesRmiTargets When running on Java 9 or later you need to add "--add-opens=java.rmi/sun.rmi.transport=ALL-UNNAMED" to the JVM command line arguments to enable RMI Target memory leak detection. Alternatively, you can suppress this warning by disabling RMI Target memory leak detection.
22-May-2023 01:47:01.357 INFO [main] org.apache.coyote.AbstractProtocol.stop Stopping ProtocolHandler ["http-nio-8080"]
22-May-2023 01:47:01.362 INFO [main] org.apache.coyote.AbstractProtocol.destroy Destroying ProtocolHandler ["http-nio-8080"]
22-May-2023 01:47:03.876 INFO [main] org.apache.catalina.startup.VersionLoggerListener.log Server version name:   Apache Tomcat/9.0.75
22-May-2023 01:47:03.880 INFO [main] org.apache.catalina.startup.VersionLoggerListener.log Server built:          May 4 2023 13:04:05 UTC
22-May-2023 01:47:03.880 INFO [main] org.apache.catalina.startup.VersionLoggerListener.log Server version number: 9.0.75.0
22-May-2023 01:47:03.880 INFO [main] org.apache.catalina.startup.VersionLoggerListener.log OS Name:               Windows 10
22-May-2023 01:47:03.880 INFO [main] org.apache.catalina.startup.VersionLoggerListener.log OS Version:            10.0
22-May-2023 01:47:03.880 INFO [main] org.apache.catalina.startup.VersionLoggerListener.log Architecture:          amd64
22-May-2023 01:47:03.880 INFO [main] org.apache.catalina.startup.VersionLoggerListener.log Java Home:             C:\Program Files\Java\jdk-17
22-May-2023 01:47:03.880 INFO [main] org.apache.catalina.startup.VersionLoggerListener.log JVM Version:           17.0.6+9-LTS-190
22-May-2023 01:47:03.881 INFO [main] org.apache.catalina.startup.VersionLoggerListener.log JVM Vendor:            Oracle Corporation
22-May-2023 01:47:03.881 INFO [main] org.apache.catalina.startup.VersionLoggerListener.log CATALINA_BASE:         C:\Users\Administrator\Desktop\Estudos Programação\Cruz Vita\Alura\Java Servlet programação web Java\apache-tomcat-9.0.75
22-May-2023 01:47:03.881 INFO [main] org.apache.catalina.startup.VersionLoggerListener.log CATALINA_HOME:         C:\Users\Administrator\Desktop\Estudos Programação\Cruz Vita\Alura\Java Servlet programação web Java\apache-tomcat-9.0.75
22-May-2023 01:47:03.895 INFO [main] org.apache.catalina.startup.VersionLoggerListener.log Command line argument: -Djava.util.logging.config.file=c:\Users\Administrator\Desktop\Estudos Programação\Cruz Vita\Alura\Java Servlet programação web Java\apache-tomcat-9.0.75/conf/logging.properties
22-May-2023 01:47:03.895 INFO [main] org.apache.catalina.startup.VersionLoggerListener.log Command line argument: -Djava.util.logging.manager=org.apache.juli.ClassLoaderLogManager
22-May-2023 01:47:03.895 INFO [main] org.apache.catalina.startup.VersionLoggerListener.log Command line argument: -Djdk.tls.ephemeralDHKeySize=2048
22-May-2023 01:47:03.895 INFO [main] org.apache.catalina.startup.VersionLoggerListener.log Command line argument: -Djava.protocol.handler.pkgs=org.apache.catalina.webresources
22-May-2023 01:47:03.895 INFO [main] org.apache.catalina.startup.VersionLoggerListener.log Command line argument: -Dorg.apache.catalina.security.SecurityListener.UMASK=0027
22-May-2023 01:47:03.895 INFO [main] org.apache.catalina.startup.VersionLoggerListener.log Command line argument: -Dcatalina.base=c:\Users\Administrator\Desktop\Estudos Programação\Cruz Vita\Alura\Java Servlet programação web Java\apache-tomcat-9.0.75
22-May-2023 01:47:03.896 INFO [main] org.apache.catalina.startup.VersionLoggerListener.log Command line argument: -Dcatalina.home=c:\Users\Administrator\Desktop\Estudos Programação\Cruz Vita\Alura\Java Servlet programação web Java\apache-tomcat-9.0.75
22-May-2023 01:47:03.896 INFO [main] org.apache.catalina.startup.VersionLoggerListener.log Command line argument: -Djava.io.tmpdir=c:\Users\Administrator\Desktop\Estudos Programação\Cruz Vita\Alura\Java Servlet programação web Java\apache-tomcat-9.0.75/temp
22-May-2023 01:47:03.905 INFO [main] org.apache.catalina.core.AprLifecycleListener.lifecycleEvent The Apache Tomcat Native library which allows using OpenSSL was not found on the java.library.path: [C:\Program Files\Java\jdk-17\bin;C:\Windows\Sun\Java\bin;C:\Windows\system32;C:\Windows;C:\Program Files\Common Files\Oracle\Java\javapath;C:\Program Files (x86)\Common Files\Oracle\Java\javapath;C:\Windows\system32;C:\Windows;C:\Windows\System32\Wbem;C:\Windows\System32\WindowsPowerShell\v1.0\;C:\Windows\System32\OpenSSH\;C:\Program Files\Microsoft SQL Server\Client SDK\ODBC\170\Tools\Binn\;C:\Program Files (x86)\Microsoft SQL Server\150\Tools\Binn\;C:\Program Files\Microsoft SQL Server\150\Tools\Binn\;C:\Program Files\Microsoft SQL Server\150\DTS\Binn\;C:\Program Files (x86)\Microsoft SQL Server\160\DTS\Binn\;C:\Program Files\Azure Data Studio\bin;C:\Program Files\nodejs\;C:\Program Files\dotnet\;C:\Program Files\Git\cmd;%JAVA_HOME%\bin;C:\Users\Administrator\AppData\Local\Microsoft\WindowsApps;C:\Users\Administrator\AppData\Local\Programs\Microsoft VS Code\bin;C:\Program Files\Azure Data Studio\bin;C:\Users\Administrator\AppData\Roaming\npm;C:\apache-maven-3.9.0\bin;;C:\Users\Administrator\AppData\Local\spicetify;.]
22-May-2023 01:47:04.142 INFO [main] org.apache.coyote.AbstractProtocol.init Initializing ProtocolHandler ["http-nio-8080"]
22-May-2023 01:47:04.169 INFO [main] org.apache.catalina.startup.Catalina.load Server initialization in [520] milliseconds
22-May-2023 01:47:04.218 INFO [main] org.apache.catalina.core.StandardService.startInternal Starting service [Catalina]
22-May-2023 01:47:04.219 INFO [main] org.apache.catalina.core.StandardEngine.startInternal Starting Servlet engine: [Apache Tomcat/9.0.75]
22-May-2023 01:47:04.230 INFO [main] org.apache.catalina.startup.HostConfig.deployDirectory Diretório de instalação da aplicação web [C:\Users\Administrator\Desktop\Estudos Programação\Cruz Vita\Alura\Java Servlet programação web Java\apache-tomcat-9.0.75\webapps\docs]
22-May-2023 01:47:04.563 INFO [main] org.apache.catalina.startup.HostConfig.deployDirectory Deployment of web application directory [C:\Users\Administrator\Desktop\Estudos Programação\Cruz Vita\Alura\Java Servlet programação web Java\apache-tomcat-9.0.75\webapps\docs] has finished in [331] ms
22-May-2023 01:47:04.563 INFO [main] org.apache.catalina.startup.HostConfig.deployDirectory Diretório de instalação da aplicação web [C:\Users\Administrator\Desktop\Estudos Programação\Cruz Vita\Alura\Java Servlet programação web Java\apache-tomcat-9.0.75\webapps\examples]
22-May-2023 01:47:05.110 INFO [main] org.apache.catalina.startup.HostConfig.deployDirectory Deployment of web application directory [C:\Users\Administrator\Desktop\Estudos Programação\Cruz Vita\Alura\Java Servlet programação web Java\apache-tomcat-9.0.75\webapps\examples] has finished in [547] ms
22-May-2023 01:47:05.111 INFO [main] org.apache.catalina.startup.HostConfig.deployDirectory Diretório de instalação da aplicação web [C:\Users\Administrator\Desktop\Estudos Programação\Cruz Vita\Alura\Java Servlet programação web Java\apache-tomcat-9.0.75\webapps\gerenciador-2]
22-May-2023 01:47:05.162 INFO [main] org.apache.catalina.startup.HostConfig.deployDirectory Deployment of web application directory [C:\Users\Administrator\Desktop\Estudos Programação\Cruz Vita\Alura\Java Servlet programação web Java\apache-tomcat-9.0.75\webapps\gerenciador-2] has finished in [52] ms
22-May-2023 01:47:05.163 INFO [main] org.apache.catalina.startup.HostConfig.deployDirectory Diretório de instalação da aplicação web [C:\Users\Administrator\Desktop\Estudos Programação\Cruz Vita\Alura\Java Servlet programação web Java\apache-tomcat-9.0.75\webapps\host-manager]
22-May-2023 01:47:05.236 INFO [main] org.apache.catalina.startup.HostConfig.deployDirectory Deployment of web application directory [C:\Users\Administrator\Desktop\Estudos Programação\Cruz Vita\Alura\Java Servlet programação web Java\apache-tomcat-9.0.75\webapps\host-manager] has finished in [73] ms
22-May-2023 01:47:05.236 INFO [main] org.apache.catalina.startup.HostConfig.deployDirectory Diretório de instalação da aplicação web [C:\Users\Administrator\Desktop\Estudos Programação\Cruz Vita\Alura\Java Servlet programação web Java\apache-tomcat-9.0.75\webapps\manager]
22-May-2023 01:47:05.299 INFO [main] org.apache.catalina.startup.HostConfig.deployDirectory Deployment of web application directory [C:\Users\Administrator\Desktop\Estudos Programação\Cruz Vita\Alura\Java Servlet programação web Java\apache-tomcat-9.0.75\webapps\manager] has finished in [63] ms
22-May-2023 01:47:05.299 INFO [main] org.apache.catalina.startup.HostConfig.deployDirectory Diretório de instalação da aplicação web [C:\Users\Administrator\Desktop\Estudos Programação\Cruz Vita\Alura\Java Servlet programação web Java\apache-tomcat-9.0.75\webapps\ROOT]
22-May-2023 01:47:05.341 INFO [main] org.apache.catalina.startup.HostConfig.deployDirectory Deployment of web application directory [C:\Users\Administrator\Desktop\Estudos Programação\Cruz Vita\Alura\Java Servlet programação web Java\apache-tomcat-9.0.75\webapps\ROOT] has finished in [41] ms
22-May-2023 01:47:05.345 INFO [main] org.apache.coyote.AbstractProtocol.start Starting ProtocolHandler ["http-nio-8080"]
22-May-2023 01:47:05.402 INFO [main] org.apache.catalina.startup.Catalina.start Server startup in [1232] milliseconds
22-May-2023 01:48:35.888 INFO [main] org.apache.catalina.core.StandardServer.await A valid shutdown command was received via the shutdown port. Stopping the Server instance.
22-May-2023 01:48:35.889 INFO [main] org.apache.coyote.AbstractProtocol.pause Pausing ProtocolHandler ["http-nio-8080"]
22-May-2023 01:48:35.896 INFO [main] org.apache.catalina.core.StandardService.stopInternal Stopping service [Catalina]
22-May-2023 01:48:35.901 WARNING [main] org.apache.catalina.loader.WebappClassLoaderBase.clearReferencesObjectStreamClassCaches When running on Java 9 or later you need to add "--add-opens=java.base/java.io=ALL-UNNAMED" to the JVM command line arguments to enable ObjectStream cache memory leak protection. Alternatively, you can suppress this warning by disabling ObjectStream class cache memory leak protection.
22-May-2023 01:48:35.901 WARNING [main] org.apache.catalina.loader.WebappClassLoaderBase.checkThreadLocalsForLeaks When running on Java 9 or later you need to add "--add-opens=java.base/java.lang=ALL-UNNAMED" to the JVM command line arguments to enable ThreadLocal memory leak detection. Alternatively, you can suppress this warning by disabling ThreadLocal memory leak detection.
22-May-2023 01:48:35.902 WARNING [main] org.apache.catalina.loader.WebappClassLoaderBase.clearReferencesRmiTargets When running on Java 9 or later you need to add "--add-opens=java.rmi/sun.rmi.transport=ALL-UNNAMED" to the JVM command line arguments to enable RMI Target memory leak detection. Alternatively, you can suppress this warning by disabling RMI Target memory leak detection.
22-May-2023 01:48:35.906 WARNING [main] org.apache.catalina.loader.WebappClassLoaderBase.clearReferencesObjectStreamClassCaches When running on Java 9 or later you need to add "--add-opens=java.base/java.io=ALL-UNNAMED" to the JVM command line arguments to enable ObjectStream cache memory leak protection. Alternatively, you can suppress this warning by disabling ObjectStream class cache memory leak protection.
22-May-2023 01:48:35.906 WARNING [main] org.apache.catalina.loader.WebappClassLoaderBase.checkThreadLocalsForLeaks When running on Java 9 or later you need to add "--add-opens=java.base/java.lang=ALL-UNNAMED" to the JVM command line arguments to enable ThreadLocal memory leak detection. Alternatively, you can suppress this warning by disabling ThreadLocal memory leak detection.
22-May-2023 01:48:35.906 WARNING [main] org.apache.catalina.loader.WebappClassLoaderBase.clearReferencesRmiTargets When running on Java 9 or later you need to add "--add-opens=java.rmi/sun.rmi.transport=ALL-UNNAMED" to the JVM command line arguments to enable RMI Target memory leak detection. Alternatively, you can suppress this warning by disabling RMI Target memory leak detection.
22-May-2023 01:48:35.909 WARNING [main] org.apache.catalina.loader.WebappClassLoaderBase.clearReferencesObjectStreamClassCaches When running on Java 9 or later you need to add "--add-opens=java.base/java.io=ALL-UNNAMED" to the JVM command line arguments to enable ObjectStream cache memory leak protection. Alternatively, you can suppress this warning by disabling ObjectStream class cache memory leak protection.
22-May-2023 01:48:35.909 WARNING [main] org.apache.catalina.loader.WebappClassLoaderBase.checkThreadLocalsForLeaks When running on Java 9 or later you need to add "--add-opens=java.base/java.lang=ALL-UNNAMED" to the JVM command line arguments to enable ThreadLocal memory leak detection. Alternatively, you can suppress this warning by disabling ThreadLocal memory leak detection.
22-May-2023 01:48:35.909 WARNING [main] org.apache.catalina.loader.WebappClassLoaderBase.clearReferencesRmiTargets When running on Java 9 or later you need to add "--add-opens=java.rmi/sun.rmi.transport=ALL-UNNAMED" to the JVM command line arguments to enable RMI Target memory leak detection. Alternatively, you can suppress this warning by disabling RMI Target memory leak detection.
22-May-2023 01:48:35.911 WARNING [main] org.apache.catalina.loader.WebappClassLoaderBase.clearReferencesObjectStreamClassCaches When running on Java 9 or later you need to add "--add-opens=java.base/java.io=ALL-UNNAMED" to the JVM command line arguments to enable ObjectStream cache memory leak protection. Alternatively, you can suppress this warning by disabling ObjectStream class cache memory leak protection.
22-May-2023 01:48:35.911 WARNING [main] org.apache.catalina.loader.WebappClassLoaderBase.checkThreadLocalsForLeaks When running on Java 9 or later you need to add "--add-opens=java.base/java.lang=ALL-UNNAMED" to the JVM command line arguments to enable ThreadLocal memory leak detection. Alternatively, you can suppress this warning by disabling ThreadLocal memory leak detection.
22-May-2023 01:48:35.912 WARNING [main] org.apache.catalina.loader.WebappClassLoaderBase.clearReferencesRmiTargets When running on Java 9 or later you need to add "--add-opens=java.rmi/sun.rmi.transport=ALL-UNNAMED" to the JVM command line arguments to enable RMI Target memory leak detection. Alternatively, you can suppress this warning by disabling RMI Target memory leak detection.
22-May-2023 01:48:35.914 WARNING [main] org.apache.catalina.loader.WebappClassLoaderBase.clearReferencesObjectStreamClassCaches When running on Java 9 or later you need to add "--add-opens=java.base/java.io=ALL-UNNAMED" to the JVM command line arguments to enable ObjectStream cache memory leak protection. Alternatively, you can suppress this warning by disabling ObjectStream class cache memory leak protection.
22-May-2023 01:48:35.914 WARNING [main] org.apache.catalina.loader.WebappClassLoaderBase.checkThreadLocalsForLeaks When running on Java 9 or later you need to add "--add-opens=java.base/java.lang=ALL-UNNAMED" to the JVM command line arguments to enable ThreadLocal memory leak detection. Alternatively, you can suppress this warning by disabling ThreadLocal memory leak detection.
22-May-2023 01:48:35.914 WARNING [main] org.apache.catalina.loader.WebappClassLoaderBase.clearReferencesRmiTargets When running on Java 9 or later you need to add "--add-opens=java.rmi/sun.rmi.transport=ALL-UNNAMED" to the JVM command line arguments to enable RMI Target memory leak detection. Alternatively, you can suppress this warning by disabling RMI Target memory leak detection.
22-May-2023 01:48:35.916 WARNING [main] org.apache.catalina.loader.WebappClassLoaderBase.clearReferencesObjectStreamClassCaches When running on Java 9 or later you need to add "--add-opens=java.base/java.io=ALL-UNNAMED" to the JVM command line arguments to enable ObjectStream cache memory leak protection. Alternatively, you can suppress this warning by disabling ObjectStream class cache memory leak protection.
22-May-2023 01:48:35.916 WARNING [main] org.apache.catalina.loader.WebappClassLoaderBase.checkThreadLocalsForLeaks When running on Java 9 or later you need to add "--add-opens=java.base/java.lang=ALL-UNNAMED" to the JVM command line arguments to enable ThreadLocal memory leak detection. Alternatively, you can suppress this warning by disabling ThreadLocal memory leak detection.
22-May-2023 01:48:35.917 WARNING [main] org.apache.catalina.loader.WebappClassLoaderBase.clearReferencesRmiTargets When running on Java 9 or later you need to add "--add-opens=java.rmi/sun.rmi.transport=ALL-UNNAMED" to the JVM command line arguments to enable RMI Target memory leak detection. Alternatively, you can suppress this warning by disabling RMI Target memory leak detection.
22-May-2023 01:48:35.917 INFO [main] org.apache.coyote.AbstractProtocol.stop Stopping ProtocolHandler ["http-nio-8080"]
22-May-2023 01:48:35.923 INFO [main] org.apache.coyote.AbstractProtocol.destroy Destroying ProtocolHandler ["http-nio-8080"]
22-May-2023 01:48:37.760 INFO [main] org.apache.catalina.startup.VersionLoggerListener.log Server version name:   Apache Tomcat/9.0.75
22-May-2023 01:48:37.764 INFO [main] org.apache.catalina.startup.VersionLoggerListener.log Server built:          May 4 2023 13:04:05 UTC
22-May-2023 01:48:37.764 INFO [main] org.apache.catalina.startup.VersionLoggerListener.log Server version number: 9.0.75.0
22-May-2023 01:48:37.764 INFO [main] org.apache.catalina.startup.VersionLoggerListener.log OS Name:               Windows 10
22-May-2023 01:48:37.765 INFO [main] org.apache.catalina.startup.VersionLoggerListener.log OS Version:            10.0
22-May-2023 01:48:37.765 INFO [main] org.apache.catalina.startup.VersionLoggerListener.log Architecture:          amd64
22-May-2023 01:48:37.765 INFO [main] org.apache.catalina.startup.VersionLoggerListener.log Java Home:             C:\Program Files\Java\jdk-17
22-May-2023 01:48:37.765 INFO [main] org.apache.catalina.startup.VersionLoggerListener.log JVM Version:           17.0.6+9-LTS-190
22-May-2023 01:48:37.765 INFO [main] org.apache.catalina.startup.VersionLoggerListener.log JVM Vendor:            Oracle Corporation
22-May-2023 01:48:37.765 INFO [main] org.apache.catalina.startup.VersionLoggerListener.log CATALINA_BASE:         C:\Users\Administrator\Desktop\Estudos Programação\Cruz Vita\Alura\Java Servlet programação web Java\apache-tomcat-9.0.75
22-May-2023 01:48:37.765 INFO [main] org.apache.catalina.startup.VersionLoggerListener.log CATALINA_HOME:         C:\Users\Administrator\Desktop\Estudos Programação\Cruz Vita\Alura\Java Servlet programação web Java\apache-tomcat-9.0.75
22-May-2023 01:48:37.776 INFO [main] org.apache.catalina.startup.VersionLoggerListener.log Command line argument: -Djava.util.logging.config.file=c:\Users\Administrator\Desktop\Estudos Programação\Cruz Vita\Alura\Java Servlet programação web Java\apache-tomcat-9.0.75/conf/logging.properties
22-May-2023 01:48:37.776 INFO [main] org.apache.catalina.startup.VersionLoggerListener.log Command line argument: -Djava.util.logging.manager=org.apache.juli.ClassLoaderLogManager
22-May-2023 01:48:37.776 INFO [main] org.apache.catalina.startup.VersionLoggerListener.log Command line argument: -Djdk.tls.ephemeralDHKeySize=2048
22-May-2023 01:48:37.776 INFO [main] org.apache.catalina.startup.VersionLoggerListener.log Command line argument: -Djava.protocol.handler.pkgs=org.apache.catalina.webresources
22-May-2023 01:48:37.776 INFO [main] org.apache.catalina.startup.VersionLoggerListener.log Command line argument: -Dorg.apache.catalina.security.SecurityListener.UMASK=0027
22-May-2023 01:48:37.776 INFO [main] org.apache.catalina.startup.VersionLoggerListener.log Command line argument: -Dcatalina.base=c:\Users\Administrator\Desktop\Estudos Programação\Cruz Vita\Alura\Java Servlet programação web Java\apache-tomcat-9.0.75
22-May-2023 01:48:37.776 INFO [main] org.apache.catalina.startup.VersionLoggerListener.log Command line argument: -Dcatalina.home=c:\Users\Administrator\Desktop\Estudos Programação\Cruz Vita\Alura\Java Servlet programação web Java\apache-tomcat-9.0.75
22-May-2023 01:48:37.776 INFO [main] org.apache.catalina.startup.VersionLoggerListener.log Command line argument: -Djava.io.tmpdir=c:\Users\Administrator\Desktop\Estudos Programação\Cruz Vita\Alura\Java Servlet programação web Java\apache-tomcat-9.0.75/temp
22-May-2023 01:48:37.796 INFO [main] org.apache.catalina.core.AprLifecycleListener.lifecycleEvent The Apache Tomcat Native library which allows using OpenSSL was not found on the java.library.path: [C:\Program Files\Java\jdk-17\bin;C:\Windows\Sun\Java\bin;C:\Windows\system32;C:\Windows;C:\Program Files\Common Files\Oracle\Java\javapath;C:\Program Files (x86)\Common Files\Oracle\Java\javapath;C:\Windows\system32;C:\Windows;C:\Windows\System32\Wbem;C:\Windows\System32\WindowsPowerShell\v1.0\;C:\Windows\System32\OpenSSH\;C:\Program Files\Microsoft SQL Server\Client SDK\ODBC\170\Tools\Binn\;C:\Program Files (x86)\Microsoft SQL Server\150\Tools\Binn\;C:\Program Files\Microsoft SQL Server\150\Tools\Binn\;C:\Program Files\Microsoft SQL Server\150\DTS\Binn\;C:\Program Files (x86)\Microsoft SQL Server\160\DTS\Binn\;C:\Program Files\Azure Data Studio\bin;C:\Program Files\nodejs\;C:\Program Files\dotnet\;C:\Program Files\Git\cmd;%JAVA_HOME%\bin;C:\Users\Administrator\AppData\Local\Microsoft\WindowsApps;C:\Users\Administrator\AppData\Local\Programs\Microsoft VS Code\bin;C:\Program Files\Azure Data Studio\bin;C:\Users\Administrator\AppData\Roaming\npm;C:\apache-maven-3.9.0\bin;;C:\Users\Administrator\AppData\Local\spicetify;.]
22-May-2023 01:48:38.041 INFO [main] org.apache.coyote.AbstractProtocol.init Initializing ProtocolHandler ["http-nio-8080"]
22-May-2023 01:48:38.065 INFO [main] org.apache.catalina.startup.Catalina.load Server initialization in [538] milliseconds
22-May-2023 01:48:38.120 INFO [main] org.apache.catalina.core.StandardService.startInternal Starting service [Catalina]
22-May-2023 01:48:38.120 INFO [main] org.apache.catalina.core.StandardEngine.startInternal Starting Servlet engine: [Apache Tomcat/9.0.75]
22-May-2023 01:48:38.136 INFO [main] org.apache.catalina.startup.HostConfig.deployDirectory Diretório de instalação da aplicação web [C:\Users\Administrator\Desktop\Estudos Programação\Cruz Vita\Alura\Java Servlet programação web Java\apache-tomcat-9.0.75\webapps\docs]
22-May-2023 01:48:38.484 INFO [main] org.apache.catalina.startup.HostConfig.deployDirectory Deployment of web application directory [C:\Users\Administrator\Desktop\Estudos Programação\Cruz Vita\Alura\Java Servlet programação web Java\apache-tomcat-9.0.75\webapps\docs] has finished in [346] ms
22-May-2023 01:48:38.485 INFO [main] org.apache.catalina.startup.HostConfig.deployDirectory Diretório de instalação da aplicação web [C:\Users\Administrator\Desktop\Estudos Programação\Cruz Vita\Alura\Java Servlet programação web Java\apache-tomcat-9.0.75\webapps\examples]
22-May-2023 01:48:39.026 INFO [main] org.apache.catalina.startup.HostConfig.deployDirectory Deployment of web application directory [C:\Users\Administrator\Desktop\Estudos Programação\Cruz Vita\Alura\Java Servlet programação web Java\apache-tomcat-9.0.75\webapps\examples] has finished in [541] ms
22-May-2023 01:48:39.026 INFO [main] org.apache.catalina.startup.HostConfig.deployDirectory Diretório de instalação da aplicação web [C:\Users\Administrator\Desktop\Estudos Programação\Cruz Vita\Alura\Java Servlet programação web Java\apache-tomcat-9.0.75\webapps\gerenciador-2]
22-May-2023 01:48:39.069 INFO [main] org.apache.catalina.startup.HostConfig.deployDirectory Deployment of web application directory [C:\Users\Administrator\Desktop\Estudos Programação\Cruz Vita\Alura\Java Servlet programação web Java\apache-tomcat-9.0.75\webapps\gerenciador-2] has finished in [43] ms
22-May-2023 01:48:39.070 INFO [main] org.apache.catalina.startup.HostConfig.deployDirectory Diretório de instalação da aplicação web [C:\Users\Administrator\Desktop\Estudos Programação\Cruz Vita\Alura\Java Servlet programação web Java\apache-tomcat-9.0.75\webapps\host-manager]
22-May-2023 01:48:39.119 INFO [main] org.apache.catalina.startup.HostConfig.deployDirectory Deployment of web application directory [C:\Users\Administrator\Desktop\Estudos Programação\Cruz Vita\Alura\Java Servlet programação web Java\apache-tomcat-9.0.75\webapps\host-manager] has finished in [49] ms
22-May-2023 01:48:39.119 INFO [main] org.apache.catalina.startup.HostConfig.deployDirectory Diretório de instalação da aplicação web [C:\Users\Administrator\Desktop\Estudos Programação\Cruz Vita\Alura\Java Servlet programação web Java\apache-tomcat-9.0.75\webapps\manager]
22-May-2023 01:48:39.170 INFO [main] org.apache.catalina.startup.HostConfig.deployDirectory Deployment of web application directory [C:\Users\Administrator\Desktop\Estudos Programação\Cruz Vita\Alura\Java Servlet programação web Java\apache-tomcat-9.0.75\webapps\manager] has finished in [51] ms
22-May-2023 01:48:39.170 INFO [main] org.apache.catalina.startup.HostConfig.deployDirectory Diretório de instalação da aplicação web [C:\Users\Administrator\Desktop\Estudos Programação\Cruz Vita\Alura\Java Servlet programação web Java\apache-tomcat-9.0.75\webapps\ROOT]
22-May-2023 01:48:39.204 INFO [main] org.apache.catalina.startup.HostConfig.deployDirectory Deployment of web application directory [C:\Users\Administrator\Desktop\Estudos Programação\Cruz Vita\Alura\Java Servlet programação web Java\apache-tomcat-9.0.75\webapps\ROOT] has finished in [33] ms
22-May-2023 01:48:39.207 INFO [main] org.apache.coyote.AbstractProtocol.start Starting ProtocolHandler ["http-nio-8080"]
22-May-2023 01:48:39.243 INFO [main] org.apache.catalina.startup.Catalina.start Server startup in [1177] milliseconds
22-May-2023 01:51:04.711 INFO [main] org.apache.catalina.startup.VersionLoggerListener.log Server version name:   Apache Tomcat/9.0.75
22-May-2023 01:51:04.716 INFO [main] org.apache.catalina.startup.VersionLoggerListener.log Server built:          May 4 2023 13:04:05 UTC
22-May-2023 01:51:04.716 INFO [main] org.apache.catalina.startup.VersionLoggerListener.log Server version number: 9.0.75.0
22-May-2023 01:51:04.717 INFO [main] org.apache.catalina.startup.VersionLoggerListener.log OS Name:               Windows 10
22-May-2023 01:51:04.717 INFO [main] org.apache.catalina.startup.VersionLoggerListener.log OS Version:            10.0
22-May-2023 01:51:04.717 INFO [main] org.apache.catalina.startup.VersionLoggerListener.log Architecture:          amd64
22-May-2023 01:51:04.717 INFO [main] org.apache.catalina.startup.VersionLoggerListener.log Java Home:             C:\Program Files\Java\jdk-17
22-May-2023 01:51:04.717 INFO [main] org.apache.catalina.startup.VersionLoggerListener.log JVM Version:           17.0.6+9-LTS-190
22-May-2023 01:51:04.717 INFO [main] org.apache.catalina.startup.VersionLoggerListener.log JVM Vendor:            Oracle Corporation
22-May-2023 01:51:04.717 INFO [main] org.apache.catalina.startup.VersionLoggerListener.log CATALINA_BASE:         C:\Users\Administrator\Desktop\Estudos Programação\Cruz Vita\Alura\Java Servlet programação web Java\apache-tomcat-9.0.75
22-May-2023 01:51:04.717 INFO [main] org.apache.catalina.startup.VersionLoggerListener.log CATALINA_HOME:         C:\Users\Administrator\Desktop\Estudos Programação\Cruz Vita\Alura\Java Servlet programação web Java\apache-tomcat-9.0.75
22-May-2023 01:51:04.734 INFO [main] org.apache.catalina.startup.VersionLoggerListener.log Command line argument: -Djava.util.logging.config.file=c:\Users\Administrator\Desktop\Estudos Programação\Cruz Vita\Alura\Java Servlet programação web Java\apache-tomcat-9.0.75/conf/logging.properties
22-May-2023 01:51:04.734 INFO [main] org.apache.catalina.startup.VersionLoggerListener.log Command line argument: -Djava.util.logging.manager=org.apache.juli.ClassLoaderLogManager
22-May-2023 01:51:04.735 INFO [main] org.apache.catalina.startup.VersionLoggerListener.log Command line argument: -Djdk.tls.ephemeralDHKeySize=2048
22-May-2023 01:51:04.735 INFO [main] org.apache.catalina.startup.VersionLoggerListener.log Command line argument: -Djava.protocol.handler.pkgs=org.apache.catalina.webresources
22-May-2023 01:51:04.735 INFO [main] org.apache.catalina.startup.VersionLoggerListener.log Command line argument: -Dorg.apache.catalina.security.SecurityListener.UMASK=0027
22-May-2023 01:51:04.735 INFO [main] org.apache.catalina.startup.VersionLoggerListener.log Command line argument: -Dcatalina.base=c:\Users\Administrator\Desktop\Estudos Programação\Cruz Vita\Alura\Java Servlet programação web Java\apache-tomcat-9.0.75
22-May-2023 01:51:04.735 INFO [main] org.apache.catalina.startup.VersionLoggerListener.log Command line argument: -Dcatalina.home=c:\Users\Administrator\Desktop\Estudos Programação\Cruz Vita\Alura\Java Servlet programação web Java\apache-tomcat-9.0.75
22-May-2023 01:51:04.735 INFO [main] org.apache.catalina.startup.VersionLoggerListener.log Command line argument: -Djava.io.tmpdir=c:\Users\Administrator\Desktop\Estudos Programação\Cruz Vita\Alura\Java Servlet programação web Java\apache-tomcat-9.0.75/temp
22-May-2023 01:51:04.748 INFO [main] org.apache.catalina.core.AprLifecycleListener.lifecycleEvent The Apache Tomcat Native library which allows using OpenSSL was not found on the java.library.path: [C:\Program Files\Java\jdk-17\bin;C:\Windows\Sun\Java\bin;C:\Windows\system32;C:\Windows;C:\Program Files\Common Files\Oracle\Java\javapath;C:\Program Files (x86)\Common Files\Oracle\Java\javapath;C:\Windows\system32;C:\Windows;C:\Windows\System32\Wbem;C:\Windows\System32\WindowsPowerShell\v1.0\;C:\Windows\System32\OpenSSH\;C:\Program Files\Microsoft SQL Server\Client SDK\ODBC\170\Tools\Binn\;C:\Program Files (x86)\Microsoft SQL Server\150\Tools\Binn\;C:\Program Files\Microsoft SQL Server\150\Tools\Binn\;C:\Program Files\Microsoft SQL Server\150\DTS\Binn\;C:\Program Files (x86)\Microsoft SQL Server\160\DTS\Binn\;C:\Program Files\Azure Data Studio\bin;C:\Program Files\nodejs\;C:\Program Files\dotnet\;C:\Program Files\Git\cmd;%JAVA_HOME%\bin;C:\Users\Administrator\AppData\Local\Microsoft\WindowsApps;C:\Users\Administrator\AppData\Local\Programs\Microsoft VS Code\bin;C:\Program Files\Azure Data Studio\bin;C:\Users\Administrator\AppData\Roaming\npm;C:\apache-maven-3.9.0\bin;;C:\Users\Administrator\AppData\Local\spicetify;.]
22-May-2023 01:51:05.046 INFO [main] org.apache.coyote.AbstractProtocol.init Initializing ProtocolHandler ["http-nio-8080"]
22-May-2023 01:51:05.071 INFO [main] org.apache.catalina.startup.Catalina.load Server initialization in [632] milliseconds
22-May-2023 01:51:05.118 INFO [main] org.apache.catalina.core.StandardService.startInternal Starting service [Catalina]
22-May-2023 01:51:05.118 INFO [main] org.apache.catalina.core.StandardEngine.startInternal Starting Servlet engine: [Apache Tomcat/9.0.75]
22-May-2023 01:51:05.133 INFO [main] org.apache.catalina.startup.HostConfig.deployDirectory Diretório de instalação da aplicação web [C:\Users\Administrator\Desktop\Estudos Programação\Cruz Vita\Alura\Java Servlet programação web Java\apache-tomcat-9.0.75\webapps\docs]
22-May-2023 01:51:05.479 INFO [main] org.apache.catalina.startup.HostConfig.deployDirectory Deployment of web application directory [C:\Users\Administrator\Desktop\Estudos Programação\Cruz Vita\Alura\Java Servlet programação web Java\apache-tomcat-9.0.75\webapps\docs] has finished in [345] ms
22-May-2023 01:51:05.479 INFO [main] org.apache.catalina.startup.HostConfig.deployDirectory Diretório de instalação da aplicação web [C:\Users\Administrator\Desktop\Estudos Programação\Cruz Vita\Alura\Java Servlet programação web Java\apache-tomcat-9.0.75\webapps\examples]
22-May-2023 01:51:06.028 INFO [main] org.apache.catalina.startup.HostConfig.deployDirectory Deployment of web application directory [C:\Users\Administrator\Desktop\Estudos Programação\Cruz Vita\Alura\Java Servlet programação web Java\apache-tomcat-9.0.75\webapps\examples] has finished in [548] ms
22-May-2023 01:51:06.028 INFO [main] org.apache.catalina.startup.HostConfig.deployDirectory Diretório de instalação da aplicação web [C:\Users\Administrator\Desktop\Estudos Programação\Cruz Vita\Alura\Java Servlet programação web Java\apache-tomcat-9.0.75\webapps\gerenciador-2]
22-May-2023 01:51:06.064 INFO [main] org.apache.catalina.startup.HostConfig.deployDirectory Deployment of web application directory [C:\Users\Administrator\Desktop\Estudos Programação\Cruz Vita\Alura\Java Servlet programação web Java\apache-tomcat-9.0.75\webapps\gerenciador-2] has finished in [35] ms
22-May-2023 01:51:06.064 INFO [main] org.apache.catalina.startup.HostConfig.deployDirectory Diretório de instalação da aplicação web [C:\Users\Administrator\Desktop\Estudos Programação\Cruz Vita\Alura\Java Servlet programação web Java\apache-tomcat-9.0.75\webapps\host-manager]
22-May-2023 01:51:06.112 INFO [main] org.apache.catalina.startup.HostConfig.deployDirectory Deployment of web application directory [C:\Users\Administrator\Desktop\Estudos Programação\Cruz Vita\Alura\Java Servlet programação web Java\apache-tomcat-9.0.75\webapps\host-manager] has finished in [48] ms
22-May-2023 01:51:06.112 INFO [main] org.apache.catalina.startup.HostConfig.deployDirectory Diretório de instalação da aplicação web [C:\Users\Administrator\Desktop\Estudos Programação\Cruz Vita\Alura\Java Servlet programação web Java\apache-tomcat-9.0.75\webapps\manager]
22-May-2023 01:51:06.162 INFO [main] org.apache.catalina.startup.HostConfig.deployDirectory Deployment of web application directory [C:\Users\Administrator\Desktop\Estudos Programação\Cruz Vita\Alura\Java Servlet programação web Java\apache-tomcat-9.0.75\webapps\manager] has finished in [49] ms
22-May-2023 01:51:06.162 INFO [main] org.apache.catalina.startup.HostConfig.deployDirectory Diretório de instalação da aplicação web [C:\Users\Administrator\Desktop\Estudos Programação\Cruz Vita\Alura\Java Servlet programação web Java\apache-tomcat-9.0.75\webapps\ROOT]
22-May-2023 01:51:06.193 INFO [main] org.apache.catalina.startup.HostConfig.deployDirectory Deployment of web application directory [C:\Users\Administrator\Desktop\Estudos Programação\Cruz Vita\Alura\Java Servlet programação web Java\apache-tomcat-9.0.75\webapps\ROOT] has finished in [31] ms
22-May-2023 01:51:06.197 INFO [main] org.apache.coyote.AbstractProtocol.start Starting ProtocolHandler ["http-nio-8080"]
22-May-2023 01:51:06.234 INFO [main] org.apache.catalina.startup.Catalina.start Server startup in [1162] milliseconds
22-May-2023 01:51:33.315 INFO [main] org.apache.catalina.core.StandardServer.await A valid shutdown command was received via the shutdown port. Stopping the Server instance.
22-May-2023 01:51:33.316 INFO [main] org.apache.coyote.AbstractProtocol.pause Pausing ProtocolHandler ["http-nio-8080"]
22-May-2023 01:51:33.324 INFO [main] org.apache.catalina.core.StandardService.stopInternal Stopping service [Catalina]
22-May-2023 01:51:33.333 WARNING [main] org.apache.catalina.loader.WebappClassLoaderBase.clearReferencesObjectStreamClassCaches When running on Java 9 or later you need to add "--add-opens=java.base/java.io=ALL-UNNAMED" to the JVM command line arguments to enable ObjectStream cache memory leak protection. Alternatively, you can suppress this warning by disabling ObjectStream class cache memory leak protection.
22-May-2023 01:51:33.334 WARNING [main] org.apache.catalina.loader.WebappClassLoaderBase.checkThreadLocalsForLeaks When running on Java 9 or later you need to add "--add-opens=java.base/java.lang=ALL-UNNAMED" to the JVM command line arguments to enable ThreadLocal memory leak detection. Alternatively, you can suppress this warning by disabling ThreadLocal memory leak detection.
22-May-2023 01:51:33.335 WARNING [main] org.apache.catalina.loader.WebappClassLoaderBase.clearReferencesRmiTargets When running on Java 9 or later you need to add "--add-opens=java.rmi/sun.rmi.transport=ALL-UNNAMED" to the JVM command line arguments to enable RMI Target memory leak detection. Alternatively, you can suppress this warning by disabling RMI Target memory leak detection.
22-May-2023 01:51:33.339 WARNING [main] org.apache.catalina.loader.WebappClassLoaderBase.clearReferencesObjectStreamClassCaches When running on Java 9 or later you need to add "--add-opens=java.base/java.io=ALL-UNNAMED" to the JVM command line arguments to enable ObjectStream cache memory leak protection. Alternatively, you can suppress this warning by disabling ObjectStream class cache memory leak protection.
22-May-2023 01:51:33.339 WARNING [main] org.apache.catalina.loader.WebappClassLoaderBase.checkThreadLocalsForLeaks When running on Java 9 or later you need to add "--add-opens=java.base/java.lang=ALL-UNNAMED" to the JVM command line arguments to enable ThreadLocal memory leak detection. Alternatively, you can suppress this warning by disabling ThreadLocal memory leak detection.
22-May-2023 01:51:33.339 WARNING [main] org.apache.catalina.loader.WebappClassLoaderBase.clearReferencesRmiTargets When running on Java 9 or later you need to add "--add-opens=java.rmi/sun.rmi.transport=ALL-UNNAMED" to the JVM command line arguments to enable RMI Target memory leak detection. Alternatively, you can suppress this warning by disabling RMI Target memory leak detection.
22-May-2023 01:51:33.343 WARNING [main] org.apache.catalina.loader.WebappClassLoaderBase.clearReferencesObjectStreamClassCaches When running on Java 9 or later you need to add "--add-opens=java.base/java.io=ALL-UNNAMED" to the JVM command line arguments to enable ObjectStream cache memory leak protection. Alternatively, you can suppress this warning by disabling ObjectStream class cache memory leak protection.
22-May-2023 01:51:33.344 WARNING [main] org.apache.catalina.loader.WebappClassLoaderBase.checkThreadLocalsForLeaks When running on Java 9 or later you need to add "--add-opens=java.base/java.lang=ALL-UNNAMED" to the JVM command line arguments to enable ThreadLocal memory leak detection. Alternatively, you can suppress this warning by disabling ThreadLocal memory leak detection.
22-May-2023 01:51:33.344 WARNING [main] org.apache.catalina.loader.WebappClassLoaderBase.clearReferencesRmiTargets When running on Java 9 or later you need to add "--add-opens=java.rmi/sun.rmi.transport=ALL-UNNAMED" to the JVM command line arguments to enable RMI Target memory leak detection. Alternatively, you can suppress this warning by disabling RMI Target memory leak detection.
22-May-2023 01:51:33.346 WARNING [main] org.apache.catalina.loader.WebappClassLoaderBase.clearReferencesObjectStreamClassCaches When running on Java 9 or later you need to add "--add-opens=java.base/java.io=ALL-UNNAMED" to the JVM command line arguments to enable ObjectStream cache memory leak protection. Alternatively, you can suppress this warning by disabling ObjectStream class cache memory leak protection.
22-May-2023 01:51:33.347 WARNING [main] org.apache.catalina.loader.WebappClassLoaderBase.checkThreadLocalsForLeaks When running on Java 9 or later you need to add "--add-opens=java.base/java.lang=ALL-UNNAMED" to the JVM command line arguments to enable ThreadLocal memory leak detection. Alternatively, you can suppress this warning by disabling ThreadLocal memory leak detection.
22-May-2023 01:51:33.347 WARNING [main] org.apache.catalina.loader.WebappClassLoaderBase.clearReferencesRmiTargets When running on Java 9 or later you need to add "--add-opens=java.rmi/sun.rmi.transport=ALL-UNNAMED" to the JVM command line arguments to enable RMI Target memory leak detection. Alternatively, you can suppress this warning by disabling RMI Target memory leak detection.
22-May-2023 01:51:33.352 WARNING [main] org.apache.catalina.loader.WebappClassLoaderBase.clearReferencesObjectStreamClassCaches When running on Java 9 or later you need to add "--add-opens=java.base/java.io=ALL-UNNAMED" to the JVM command line arguments to enable ObjectStream cache memory leak protection. Alternatively, you can suppress this warning by disabling ObjectStream class cache memory leak protection.
22-May-2023 01:51:33.352 WARNING [main] org.apache.catalina.loader.WebappClassLoaderBase.checkThreadLocalsForLeaks When running on Java 9 or later you need to add "--add-opens=java.base/java.lang=ALL-UNNAMED" to the JVM command line arguments to enable ThreadLocal memory leak detection. Alternatively, you can suppress this warning by disabling ThreadLocal memory leak detection.
22-May-2023 01:51:33.352 WARNING [main] org.apache.catalina.loader.WebappClassLoaderBase.clearReferencesRmiTargets When running on Java 9 or later you need to add "--add-opens=java.rmi/sun.rmi.transport=ALL-UNNAMED" to the JVM command line arguments to enable RMI Target memory leak detection. Alternatively, you can suppress this warning by disabling RMI Target memory leak detection.
22-May-2023 01:51:33.357 WARNING [main] org.apache.catalina.loader.WebappClassLoaderBase.clearReferencesObjectStreamClassCaches When running on Java 9 or later you need to add "--add-opens=java.base/java.io=ALL-UNNAMED" to the JVM command line arguments to enable ObjectStream cache memory leak protection. Alternatively, you can suppress this warning by disabling ObjectStream class cache memory leak protection.
22-May-2023 01:51:33.358 WARNING [main] org.apache.catalina.loader.WebappClassLoaderBase.checkThreadLocalsForLeaks When running on Java 9 or later you need to add "--add-opens=java.base/java.lang=ALL-UNNAMED" to the JVM command line arguments to enable ThreadLocal memory leak detection. Alternatively, you can suppress this warning by disabling ThreadLocal memory leak detection.
22-May-2023 01:51:33.358 WARNING [main] org.apache.catalina.loader.WebappClassLoaderBase.clearReferencesRmiTargets When running on Java 9 or later you need to add "--add-opens=java.rmi/sun.rmi.transport=ALL-UNNAMED" to the JVM command line arguments to enable RMI Target memory leak detection. Alternatively, you can suppress this warning by disabling RMI Target memory leak detection.
22-May-2023 01:51:33.359 INFO [main] org.apache.coyote.AbstractProtocol.stop Stopping ProtocolHandler ["http-nio-8080"]
22-May-2023 01:51:33.366 INFO [main] org.apache.coyote.AbstractProtocol.destroy Destroying ProtocolHandler ["http-nio-8080"]
22-May-2023 01:58:41.215 INFO [main] org.apache.catalina.startup.VersionLoggerListener.log Server version name:   Apache Tomcat/9.0.75
22-May-2023 01:58:41.218 INFO [main] org.apache.catalina.startup.VersionLoggerListener.log Server built:          May 4 2023 13:04:05 UTC
22-May-2023 01:58:41.219 INFO [main] org.apache.catalina.startup.VersionLoggerListener.log Server version number: 9.0.75.0
22-May-2023 01:58:41.219 INFO [main] org.apache.catalina.startup.VersionLoggerListener.log OS Name:               Windows 10
22-May-2023 01:58:41.219 INFO [main] org.apache.catalina.startup.VersionLoggerListener.log OS Version:            10.0
22-May-2023 01:58:41.219 INFO [main] org.apache.catalina.startup.VersionLoggerListener.log Architecture:          amd64
22-May-2023 01:58:41.219 INFO [main] org.apache.catalina.startup.VersionLoggerListener.log Java Home:             C:\Program Files\Java\jdk-17
22-May-2023 01:58:41.219 INFO [main] org.apache.catalina.startup.VersionLoggerListener.log JVM Version:           17.0.6+9-LTS-190
22-May-2023 01:58:41.219 INFO [main] org.apache.catalina.startup.VersionLoggerListener.log JVM Vendor:            Oracle Corporation
22-May-2023 01:58:41.219 INFO [main] org.apache.catalina.startup.VersionLoggerListener.log CATALINA_BASE:         C:\Users\Administrator\Desktop\Estudos Programação\Cruz Vita\Alura\Java Servlet programação web Java\apache-tomcat-9.0.75
22-May-2023 01:58:41.219 INFO [main] org.apache.catalina.startup.VersionLoggerListener.log CATALINA_HOME:         C:\Users\Administrator\Desktop\Estudos Programação\Cruz Vita\Alura\Java Servlet programação web Java\apache-tomcat-9.0.75
22-May-2023 01:58:41.233 INFO [main] org.apache.catalina.startup.VersionLoggerListener.log Command line argument: -Djava.util.logging.config.file=c:\Users\Administrator\Desktop\Estudos Programação\Cruz Vita\Alura\Java Servlet programação web Java\apache-tomcat-9.0.75/conf/logging.properties
22-May-2023 01:58:41.233 INFO [main] org.apache.catalina.startup.VersionLoggerListener.log Command line argument: -Djava.util.logging.manager=org.apache.juli.ClassLoaderLogManager
22-May-2023 01:58:41.233 INFO [main] org.apache.catalina.startup.VersionLoggerListener.log Command line argument: -Djdk.tls.ephemeralDHKeySize=2048
22-May-2023 01:58:41.233 INFO [main] org.apache.catalina.startup.VersionLoggerListener.log Command line argument: -Djava.protocol.handler.pkgs=org.apache.catalina.webresources
22-May-2023 01:58:41.234 INFO [main] org.apache.catalina.startup.VersionLoggerListener.log Command line argument: -Dorg.apache.catalina.security.SecurityListener.UMASK=0027
22-May-2023 01:58:41.234 INFO [main] org.apache.catalina.startup.VersionLoggerListener.log Command line argument: -Dcatalina.base=c:\Users\Administrator\Desktop\Estudos Programação\Cruz Vita\Alura\Java Servlet programação web Java\apache-tomcat-9.0.75
22-May-2023 01:58:41.234 INFO [main] org.apache.catalina.startup.VersionLoggerListener.log Command line argument: -Dcatalina.home=c:\Users\Administrator\Desktop\Estudos Programação\Cruz Vita\Alura\Java Servlet programação web Java\apache-tomcat-9.0.75
22-May-2023 01:58:41.234 INFO [main] org.apache.catalina.startup.VersionLoggerListener.log Command line argument: -Djava.io.tmpdir=c:\Users\Administrator\Desktop\Estudos Programação\Cruz Vita\Alura\Java Servlet programação web Java\apache-tomcat-9.0.75/temp
22-May-2023 01:58:41.247 INFO [main] org.apache.catalina.core.AprLifecycleListener.lifecycleEvent The Apache Tomcat Native library which allows using OpenSSL was not found on the java.library.path: [C:\Program Files\Java\jdk-17\bin;C:\Windows\Sun\Java\bin;C:\Windows\system32;C:\Windows;C:\Users\Administrator\bin;C:\Program Files\Git\mingw64\bin;C:\Program Files\Git\usr\local\bin;C:\Program Files\Git\usr\bin;C:\Program Files\Git\usr\bin;C:\Program Files\Git\mingw64\bin;C:\Program Files\Git\usr\bin;C:\Users\Administrator\bin;C:\Program Files\Common Files\Oracle\Java\javapath;C:\Program Files (x86)\Common Files\Oracle\Java\javapath;C:\Windows\system32;C:\Windows;C:\Windows\System32\Wbem;C:\Windows\System32\WindowsPowerShell\v1.0;C:\Windows\System32\OpenSSH;C:\Program Files\Microsoft SQL Server\Client SDK\ODBC\170\Tools\Binn;C:\Program Files (x86)\Microsoft SQL Server\150\Tools\Binn;C:\Program Files\Microsoft SQL Server\150\Tools\Binn;C:\Program Files\Microsoft SQL Server\150\DTS\Binn;C:\Program Files (x86)\Microsoft SQL Server\160\DTS\Binn;C:\Program Files\Azure Data Studio\bin;C:\Program Files\nodejs;C:\Program Files\dotnet;C:\Program Files\Git\cmd;%JAVA_HOME%\bin;C:\Users\Administrator\AppData\Local\Microsoft\WindowsApps;C:\Users\Administrator\AppData\Local\Programs\Microsoft VS Code\bin;C:\Program Files\Azure Data Studio\bin;C:\Users\Administrator\AppData\Roaming\npm;C:\apache-maven-3.9.0\bin;C:\Users\Administrator\AppData\Local\spicetify;C:\Program Files\Git\usr\bin\vendor_perl;C:\Program Files\Git\usr\bin\core_perl;.]
22-May-2023 01:58:41.520 INFO [main] org.apache.coyote.AbstractProtocol.init Initializing ProtocolHandler ["http-nio-8080"]
22-May-2023 01:58:41.546 INFO [main] org.apache.catalina.startup.Catalina.load Server initialization in [538] milliseconds
22-May-2023 01:58:41.591 INFO [main] org.apache.catalina.core.StandardService.startInternal Starting service [Catalina]
22-May-2023 01:58:41.591 INFO [main] org.apache.catalina.core.StandardEngine.startInternal Starting Servlet engine: [Apache Tomcat/9.0.75]
22-May-2023 01:58:41.603 INFO [main] org.apache.catalina.startup.HostConfig.deployDirectory Diretório de instalação da aplicação web [C:\Users\Administrator\Desktop\Estudos Programação\Cruz Vita\Alura\Java Servlet programação web Java\apache-tomcat-9.0.75\webapps\docs]
22-May-2023 01:58:41.925 INFO [main] org.apache.catalina.startup.HostConfig.deployDirectory Deployment of web application directory [C:\Users\Administrator\Desktop\Estudos Programação\Cruz Vita\Alura\Java Servlet programação web Java\apache-tomcat-9.0.75\webapps\docs] has finished in [321] ms
22-May-2023 01:58:41.926 INFO [main] org.apache.catalina.startup.HostConfig.deployDirectory Diretório de instalação da aplicação web [C:\Users\Administrator\Desktop\Estudos Programação\Cruz Vita\Alura\Java Servlet programação web Java\apache-tomcat-9.0.75\webapps\examples]
22-May-2023 01:58:42.673 INFO [main] org.apache.catalina.startup.HostConfig.deployDirectory Deployment of web application directory [C:\Users\Administrator\Desktop\Estudos Programação\Cruz Vita\Alura\Java Servlet programação web Java\apache-tomcat-9.0.75\webapps\examples] has finished in [747] ms
22-May-2023 01:58:42.674 INFO [main] org.apache.catalina.startup.HostConfig.deployDirectory Diretório de instalação da aplicação web [C:\Users\Administrator\Desktop\Estudos Programação\Cruz Vita\Alura\Java Servlet programação web Java\apache-tomcat-9.0.75\webapps\gerenciador-2]
22-May-2023 01:58:42.723 INFO [main] org.apache.catalina.startup.HostConfig.deployDirectory Deployment of web application directory [C:\Users\Administrator\Desktop\Estudos Programação\Cruz Vita\Alura\Java Servlet programação web Java\apache-tomcat-9.0.75\webapps\gerenciador-2] has finished in [48] ms
22-May-2023 01:58:42.724 INFO [main] org.apache.catalina.startup.HostConfig.deployDirectory Diretório de instalação da aplicação web [C:\Users\Administrator\Desktop\Estudos Programação\Cruz Vita\Alura\Java Servlet programação web Java\apache-tomcat-9.0.75\webapps\host-manager]
22-May-2023 01:58:42.798 INFO [main] org.apache.catalina.startup.HostConfig.deployDirectory Deployment of web application directory [C:\Users\Administrator\Desktop\Estudos Programação\Cruz Vita\Alura\Java Servlet programação web Java\apache-tomcat-9.0.75\webapps\host-manager] has finished in [75] ms
22-May-2023 01:58:42.799 INFO [main] org.apache.catalina.startup.HostConfig.deployDirectory Diretório de instalação da aplicação web [C:\Users\Administrator\Desktop\Estudos Programação\Cruz Vita\Alura\Java Servlet programação web Java\apache-tomcat-9.0.75\webapps\manager]
22-May-2023 01:58:42.870 INFO [main] org.apache.catalina.startup.HostConfig.deployDirectory Deployment of web application directory [C:\Users\Administrator\Desktop\Estudos Programação\Cruz Vita\Alura\Java Servlet programação web Java\apache-tomcat-9.0.75\webapps\manager] has finished in [71] ms
22-May-2023 01:58:42.871 INFO [main] org.apache.catalina.startup.HostConfig.deployDirectory Diretório de instalação da aplicação web [C:\Users\Administrator\Desktop\Estudos Programação\Cruz Vita\Alura\Java Servlet programação web Java\apache-tomcat-9.0.75\webapps\ROOT]
22-May-2023 01:58:42.918 INFO [main] org.apache.catalina.startup.HostConfig.deployDirectory Deployment of web application directory [C:\Users\Administrator\Desktop\Estudos Programação\Cruz Vita\Alura\Java Servlet programação web Java\apache-tomcat-9.0.75\webapps\ROOT] has finished in [48] ms
22-May-2023 01:58:42.926 INFO [main] org.apache.coyote.AbstractProtocol.start Starting ProtocolHandler ["http-nio-8080"]
22-May-2023 01:58:42.992 INFO [main] org.apache.catalina.startup.Catalina.start Server startup in [1445] milliseconds
22-May-2023 02:04:16.671 INFO [main] org.apache.catalina.core.StandardServer.await A valid shutdown command was received via the shutdown port. Stopping the Server instance.
22-May-2023 02:04:16.672 INFO [main] org.apache.coyote.AbstractProtocol.pause Pausing ProtocolHandler ["http-nio-8080"]
22-May-2023 02:04:16.679 INFO [main] org.apache.catalina.core.StandardService.stopInternal Stopping service [Catalina]
22-May-2023 02:04:16.686 WARNING [main] org.apache.catalina.loader.WebappClassLoaderBase.clearReferencesObjectStreamClassCaches When running on Java 9 or later you need to add "--add-opens=java.base/java.io=ALL-UNNAMED" to the JVM command line arguments to enable ObjectStream cache memory leak protection. Alternatively, you can suppress this warning by disabling ObjectStream class cache memory leak protection.
22-May-2023 02:04:16.686 WARNING [main] org.apache.catalina.loader.WebappClassLoaderBase.checkThreadLocalsForLeaks When running on Java 9 or later you need to add "--add-opens=java.base/java.lang=ALL-UNNAMED" to the JVM command line arguments to enable ThreadLocal memory leak detection. Alternatively, you can suppress this warning by disabling ThreadLocal memory leak detection.
22-May-2023 02:04:16.688 WARNING [main] org.apache.catalina.loader.WebappClassLoaderBase.clearReferencesRmiTargets When running on Java 9 or later you need to add "--add-opens=java.rmi/sun.rmi.transport=ALL-UNNAMED" to the JVM command line arguments to enable RMI Target memory leak detection. Alternatively, you can suppress this warning by disabling RMI Target memory leak detection.
22-May-2023 02:04:16.692 WARNING [main] org.apache.catalina.loader.WebappClassLoaderBase.clearReferencesObjectStreamClassCaches When running on Java 9 or later you need to add "--add-opens=java.base/java.io=ALL-UNNAMED" to the JVM command line arguments to enable ObjectStream cache memory leak protection. Alternatively, you can suppress this warning by disabling ObjectStream class cache memory leak protection.
22-May-2023 02:04:16.693 WARNING [main] org.apache.catalina.loader.WebappClassLoaderBase.checkThreadLocalsForLeaks When running on Java 9 or later you need to add "--add-opens=java.base/java.lang=ALL-UNNAMED" to the JVM command line arguments to enable ThreadLocal memory leak detection. Alternatively, you can suppress this warning by disabling ThreadLocal memory leak detection.
22-May-2023 02:04:16.693 WARNING [main] org.apache.catalina.loader.WebappClassLoaderBase.clearReferencesRmiTargets When running on Java 9 or later you need to add "--add-opens=java.rmi/sun.rmi.transport=ALL-UNNAMED" to the JVM command line arguments to enable RMI Target memory leak detection. Alternatively, you can suppress this warning by disabling RMI Target memory leak detection.
22-May-2023 02:04:16.699 WARNING [main] org.apache.catalina.loader.WebappClassLoaderBase.clearReferencesObjectStreamClassCaches When running on Java 9 or later you need to add "--add-opens=java.base/java.io=ALL-UNNAMED" to the JVM command line arguments to enable ObjectStream cache memory leak protection. Alternatively, you can suppress this warning by disabling ObjectStream class cache memory leak protection.
22-May-2023 02:04:16.699 WARNING [main] org.apache.catalina.loader.WebappClassLoaderBase.checkThreadLocalsForLeaks When running on Java 9 or later you need to add "--add-opens=java.base/java.lang=ALL-UNNAMED" to the JVM command line arguments to enable ThreadLocal memory leak detection. Alternatively, you can suppress this warning by disabling ThreadLocal memory leak detection.
22-May-2023 02:04:16.700 WARNING [main] org.apache.catalina.loader.WebappClassLoaderBase.clearReferencesRmiTargets When running on Java 9 or later you need to add "--add-opens=java.rmi/sun.rmi.transport=ALL-UNNAMED" to the JVM command line arguments to enable RMI Target memory leak detection. Alternatively, you can suppress this warning by disabling RMI Target memory leak detection.
22-May-2023 02:04:16.703 WARNING [main] org.apache.catalina.loader.WebappClassLoaderBase.clearReferencesObjectStreamClassCaches When running on Java 9 or later you need to add "--add-opens=java.base/java.io=ALL-UNNAMED" to the JVM command line arguments to enable ObjectStream cache memory leak protection. Alternatively, you can suppress this warning by disabling ObjectStream class cache memory leak protection.
22-May-2023 02:04:16.703 WARNING [main] org.apache.catalina.loader.WebappClassLoaderBase.checkThreadLocalsForLeaks When running on Java 9 or later you need to add "--add-opens=java.base/java.lang=ALL-UNNAMED" to the JVM command line arguments to enable ThreadLocal memory leak detection. Alternatively, you can suppress this warning by disabling ThreadLocal memory leak detection.
22-May-2023 02:04:16.703 WARNING [main] org.apache.catalina.loader.WebappClassLoaderBase.clearReferencesRmiTargets When running on Java 9 or later you need to add "--add-opens=java.rmi/sun.rmi.transport=ALL-UNNAMED" to the JVM command line arguments to enable RMI Target memory leak detection. Alternatively, you can suppress this warning by disabling RMI Target memory leak detection.
22-May-2023 02:04:16.705 WARNING [main] org.apache.catalina.loader.WebappClassLoaderBase.clearReferencesObjectStreamClassCaches When running on Java 9 or later you need to add "--add-opens=java.base/java.io=ALL-UNNAMED" to the JVM command line arguments to enable ObjectStream cache memory leak protection. Alternatively, you can suppress this warning by disabling ObjectStream class cache memory leak protection.
22-May-2023 02:04:16.705 WARNING [main] org.apache.catalina.loader.WebappClassLoaderBase.checkThreadLocalsForLeaks When running on Java 9 or later you need to add "--add-opens=java.base/java.lang=ALL-UNNAMED" to the JVM command line arguments to enable ThreadLocal memory leak detection. Alternatively, you can suppress this warning by disabling ThreadLocal memory leak detection.
22-May-2023 02:04:16.705 WARNING [main] org.apache.catalina.loader.WebappClassLoaderBase.clearReferencesRmiTargets When running on Java 9 or later you need to add "--add-opens=java.rmi/sun.rmi.transport=ALL-UNNAMED" to the JVM command line arguments to enable RMI Target memory leak detection. Alternatively, you can suppress this warning by disabling RMI Target memory leak detection.
22-May-2023 02:04:16.707 WARNING [main] org.apache.catalina.loader.WebappClassLoaderBase.clearReferencesObjectStreamClassCaches When running on Java 9 or later you need to add "--add-opens=java.base/java.io=ALL-UNNAMED" to the JVM command line arguments to enable ObjectStream cache memory leak protection. Alternatively, you can suppress this warning by disabling ObjectStream class cache memory leak protection.
22-May-2023 02:04:16.707 WARNING [main] org.apache.catalina.loader.WebappClassLoaderBase.checkThreadLocalsForLeaks When running on Java 9 or later you need to add "--add-opens=java.base/java.lang=ALL-UNNAMED" to the JVM command line arguments to enable ThreadLocal memory leak detection. Alternatively, you can suppress this warning by disabling ThreadLocal memory leak detection.
22-May-2023 02:04:16.708 WARNING [main] org.apache.catalina.loader.WebappClassLoaderBase.clearReferencesRmiTargets When running on Java 9 or later you need to add "--add-opens=java.rmi/sun.rmi.transport=ALL-UNNAMED" to the JVM command line arguments to enable RMI Target memory leak detection. Alternatively, you can suppress this warning by disabling RMI Target memory leak detection.
22-May-2023 02:04:16.708 INFO [main] org.apache.coyote.AbstractProtocol.stop Stopping ProtocolHandler ["http-nio-8080"]
22-May-2023 02:04:16.715 INFO [main] org.apache.coyote.AbstractProtocol.destroy Destroying ProtocolHandler ["http-nio-8080"]
