22-May-2023 01:45:43.827 INFO [main] org.apache.catalina.core.ApplicationContext.log ContextListener: contextInitialized()
22-May-2023 01:45:43.827 INFO [main] org.apache.catalina.core.ApplicationContext.log SessionListener: contextInitialized()
22-May-2023 01:45:43.830 INFO [main] org.apache.catalina.core.ApplicationContext.log ContextListener: attributeAdded('StockTicker', 'async.Stockticker@26fb628')
22-May-2023 01:47:01.344 INFO [main] org.apache.catalina.core.ApplicationContext.log SessionListener: contextDestroyed()
22-May-2023 01:47:01.344 INFO [main] org.apache.catalina.core.ApplicationContext.log ContextListener: contextDestroyed()
22-May-2023 01:47:05.087 INFO [main] org.apache.catalina.core.ApplicationContext.log ContextListener: contextInitialized()
22-May-2023 01:47:05.087 INFO [main] org.apache.catalina.core.ApplicationContext.log SessionListener: contextInitialized()
22-May-2023 01:47:05.093 INFO [main] org.apache.catalina.core.ApplicationContext.log ContextListener: attributeAdded('StockTicker', 'async.Stockticker@f9d87b')
22-May-2023 01:48:35.907 INFO [main] org.apache.catalina.core.ApplicationContext.log SessionListener: contextDestroyed()
22-May-2023 01:48:35.907 INFO [main] org.apache.catalina.core.ApplicationContext.log ContextListener: contextDestroyed()
22-May-2023 01:48:39.007 INFO [main] org.apache.catalina.core.ApplicationContext.log ContextListener: contextInitialized()
22-May-2023 01:48:39.007 INFO [main] org.apache.catalina.core.ApplicationContext.log SessionListener: contextInitialized()
22-May-2023 01:48:39.010 INFO [main] org.apache.catalina.core.ApplicationContext.log ContextListener: attributeAdded('StockTicker', 'async.Stockticker@72bd06ca')
22-May-2023 01:51:06.008 INFO [main] org.apache.catalina.core.ApplicationContext.log ContextListener: contextInitialized()
22-May-2023 01:51:06.008 INFO [main] org.apache.catalina.core.ApplicationContext.log SessionListener: contextInitialized()
22-May-2023 01:51:06.011 INFO [main] org.apache.catalina.core.ApplicationContext.log ContextListener: attributeAdded('StockTicker', 'async.Stockticker@4fe89c24')
22-May-2023 01:51:33.341 INFO [main] org.apache.catalina.core.ApplicationContext.log SessionListener: contextDestroyed()
22-May-2023 01:51:33.341 INFO [main] org.apache.catalina.core.ApplicationContext.log ContextListener: contextDestroyed()
22-May-2023 01:58:42.647 INFO [main] org.apache.catalina.core.ApplicationContext.log ContextListener: contextInitialized()
22-May-2023 01:58:42.647 INFO [main] org.apache.catalina.core.ApplicationContext.log SessionListener: contextInitialized()
22-May-2023 01:58:42.650 INFO [main] org.apache.catalina.core.ApplicationContext.log ContextListener: attributeAdded('StockTicker', 'async.Stockticker@72bd06ca')
22-May-2023 02:04:16.694 INFO [main] org.apache.catalina.core.ApplicationContext.log SessionListener: contextDestroyed()
22-May-2023 02:04:16.694 INFO [main] org.apache.catalina.core.ApplicationContext.log ContextListener: contextDestroyed()
